[0m[[0m[0mdebug[0m] [0m[0m> Exec(run, Some(77118c27-f859-4a36-97de-41e95c1ea41d), Some(CommandSource(console0)))[0m
[0m[[0m[0mdebug[0m] [0m[0mEvaluating tasks: Compile / run[0m
[0m[[0m[0mdebug[0m] [0m[0mRunning task... Cancel: Signal, check cycles: false, forcegc: true[0m
[0m[[0m[31merror[0m] [0m[0makka.stream.impl.io.ConnectionSourceStage$$anon$1$$anon$2: Bind failed because of java.net.BindException: [/0.0.0.0:9000] Address already in use[0m
[0m[[0m[31merror[0m] [0m[0mCaused by: java.net.BindException: [/0.0.0.0:9000] Address already in use[0m
[0m[[0m[31merror[0m] [0m[0m	at java.base/sun.nio.ch.Net.bind0(Native Method)[0m
[0m[[0m[31merror[0m] [0m[0m	at java.base/sun.nio.ch.Net.bind(Net.java:455)[0m
[0m[[0m[31merror[0m] [0m[0m	at java.base/sun.nio.ch.Net.bind(Net.java:447)[0m
[0m[[0m[31merror[0m] [0m[0m	at java.base/sun.nio.ch.ServerSocketChannelImpl.bind(ServerSocketChannelImpl.java:227)[0m
[0m[[0m[31merror[0m] [0m[0m	at java.base/sun.nio.ch.ServerSocketAdaptor.bind(ServerSocketAdaptor.java:80)[0m
[0m[[0m[31merror[0m] [0m[0m	at akka.io.TcpListener.liftedTree1$1(TcpListener.scala:60)[0m
[0m[[0m[31merror[0m] [0m[0m	at akka.io.TcpListener.<init>(TcpListener.scala:57)[0m
[0m[[0m[31merror[0m] [0m[0m	at java.base/jdk.internal.reflect.NativeConstructorAccessorImpl.newInstance0(Native Method)[0m
[0m[[0m[31merror[0m] [0m[0m	at java.base/jdk.internal.reflect.NativeConstructorAccessorImpl.newInstance(NativeConstructorAccessorImpl.java:62)[0m
[0m[[0m[31merror[0m] [0m[0m	at java.base/jdk.internal.reflect.DelegatingConstructorAccessorImpl.newInstance(DelegatingConstructorAccessorImpl.java:45)[0m
[0m[[0m[31merror[0m] [0m[0m	at java.base/java.lang.reflect.Constructor.newInstance(Constructor.java:490)[0m
[0m[[0m[31merror[0m] [0m[0m	at akka.util.Reflect$.instantiate(Reflect.scala:73)[0m
[0m[[0m[31merror[0m] [0m[0m	at akka.actor.ArgsReflectConstructor.produce(IndirectActorProducer.scala:101)[0m
[0m[[0m[31merror[0m] [0m[0m	at akka.actor.Props.newActor(Props.scala:226)[0m
[0m[[0m[31merror[0m] [0m[0m	at akka.actor.ActorCell.newActor(ActorCell.scala:615)[0m
[0m[[0m[31merror[0m] [0m[0m	at akka.actor.ActorCell.create(ActorCell.scala:642)[0m
[0m[[0m[31merror[0m] [0m[0m	at akka.actor.ActorCell.invokeAll$1(ActorCell.scala:513)[0m
[0m[[0m[31merror[0m] [0m[0m	at akka.actor.ActorCell.systemInvoke(ActorCell.scala:535)[0m
[0m[[0m[31merror[0m] [0m[0m	at akka.dispatch.Mailbox.processAllSystemMessages(Mailbox.scala:295)[0m
[0m[[0m[31merror[0m] [0m[0m	at akka.dispatch.Mailbox.run(Mailbox.scala:230)[0m
[0m[[0m[31merror[0m] [0m[0m	at akka.dispatch.Mailbox.exec(Mailbox.scala:243)[0m
[0m[[0m[31merror[0m] [0m[0m	at java.base/java.util.concurrent.ForkJoinTask.doExec(ForkJoinTask.java:290)[0m
[0m[[0m[31merror[0m] [0m[0m	at java.base/java.util.concurrent.ForkJoinPool$WorkQueue.topLevelExec(ForkJoinPool.java:1020)[0m
[0m[[0m[31merror[0m] [0m[0m	at java.base/java.util.concurrent.ForkJoinPool.scan(ForkJoinPool.java:1656)[0m
[0m[[0m[31merror[0m] [0m[0m	at java.base/java.util.concurrent.ForkJoinPool.runWorker(ForkJoinPool.java:1594)[0m
[0m[[0m[31merror[0m] [0m[0m	at java.base/java.util.concurrent.ForkJoinWorkerThread.run(ForkJoinWorkerThread.java:183)[0m
[0m[[0m[31merror[0m] [0m[0m(Compile / [31mrun[0m) java.lang.reflect.InvocationTargetException[0m
[0m[[0m[31merror[0m] [0m[0mTotal time: 5 s, completed Jul 31, 2021, 6:12:28 PM[0m
[0m[[0m[0mdebug[0m] [0m[0m> Exec(shell, None, None)[0m
